# JRE version: Java(TM) SE Runtime Environment (8.0_25-b18) (build 1.8.0_25-b18)
# Java VM: Java HotSpot(TM) 64-Bit Server VM (25.25-b02 mixed mode windows-amd64 compressed oops)
Heap:
 PSYoungGen      total 178176K, used 80109K [0x00000000eab00000, 0x00000000f7700000, 0x0000000100000000)
  eden space 163328K, 40% used [0x00000000eab00000,0x00000000eeaf8a58,0x00000000f4a80000)
  from space 14848K, 98% used [0x00000000f6880000,0x00000000f76c2b30,0x00000000f7700000)
  to   space 19456K, 0% used [0x00000000f5100000,0x00000000f5100000,0x00000000f6400000)
 ParOldGen       total 82944K, used 31203K [0x00000000c0000000, 0x00000000c5100000, 0x00000000eab00000)
  object space 82944K, 37% used [0x00000000c0000000,0x00000000c1e78d40,0x00000000c5100000)
 Metaspace       used 44409K, capacity 46239K, committed 46464K, reserved 1089536K
  class space    used 6077K, capacity 6734K, committed 6784K, reserved 1048576K
GC Heap History (10 events):
Event: 7.758 GC heap before
{Heap before GC invocations=8 (full 1):
 PSYoungGen      total 89088K, used 88820K [0x00000000eab00000, 0x00000000f3480000, 0x0000000100000000)
  eden space 88064K, 100% used [0x00000000eab00000,0x00000000f0100000,0x00000000f0100000)
  from space 1024K, 73% used [0x00000000f3380000,0x00000000f343d118,0x00000000f3480000)
  to   space 9216K, 0% used [0x00000000f2280000,0x00000000f2280000,0x00000000f2b80000)
 ParOldGen       total 44544K, used 11532K [0x00000000c0000000, 0x00000000c2b80000, 0x00000000eab00000)
  object space 44544K, 25% used [0x00000000c0000000,0x00000000c0b43390,0x00000000c2b80000)
 Metaspace       used 23923K, capacity 24444K, committed 24576K, reserved 1071104K
  class space    used 3105K, capacity 3299K, committed 3328K, reserved 1048576K
Event: 7.851 GC heap after
Heap after GC invocations=8 (full 1):
 PSYoungGen      total 131584K, used 5622K [0x00000000eab00000, 0x00000000f4200000, 0x0000000100000000)
  eden space 122368K, 0% used [0x00000000eab00000,0x00000000eab00000,0x00000000f2280000)
  from space 9216K, 61% used [0x00000000f2280000,0x00000000f27fdbc8,0x00000000f2b80000)
  to   space 9216K, 0% used [0x00000000f3900000,0x00000000f3900000,0x00000000f4200000)
 ParOldGen       total 44544K, used 11532K [0x00000000c0000000, 0x00000000c2b80000, 0x00000000eab00000)
  object space 44544K, 25% used [0x00000000c0000000,0x00000000c0b43390,0x00000000c2b80000)
 Metaspace       used 23923K, capacity 24444K, committed 24576K, reserved 1071104K
  class space    used 3105K, capacity 3299K, committed 3328K, reserved 1048576K
}
Event: 13.736 GC heap before
{Heap before GC invocations=9 (full 1):
 PSYoungGen      total 131584K, used 127990K [0x00000000eab00000, 0x00000000f4200000, 0x0000000100000000)
  eden space 122368K, 100% used [0x00000000eab00000,0x00000000f2280000,0x00000000f2280000)
  from space 9216K, 61% used [0x00000000f2280000,0x00000000f27fdbc8,0x00000000f2b80000)
  to   space 9216K, 0% used [0x00000000f3900000,0x00000000f3900000,0x00000000f4200000)
 ParOldGen       total 44544K, used 11532K [0x00000000c0000000, 0x00000000c2b80000, 0x00000000eab00000)
  object space 44544K, 25% used [0x00000000c0000000,0x00000000c0b43390,0x00000000c2b80000)
 Metaspace       used 31685K, capacity 32526K, committed 32640K, reserved 1077248K
  class space    used 4149K, capacity 4468K, committed 4480K, reserved 1048576K
Event: 13.810 GC heap after
Heap after GC invocations=9 (full 1):
 PSYoungGen      total 141312K, used 9200K [0x00000000eab00000, 0x00000000f7a00000, 0x0000000100000000)
  eden space 132096K, 0% used [0x00000000eab00000,0x00000000eab00000,0x00000000f2c00000)
  from space 9216K, 99% used [0x00000000f3900000,0x00000000f41fc010,0x00000000f4200000)
  to   space 13312K, 0% used [0x00000000f2c00000,0x00000000f2c00000,0x00000000f3900000)
 ParOldGen       total 44544K, used 18316K [0x00000000c0000000, 0x00000000c2b80000, 0x00000000eab00000)
  object space 44544K, 41% used [0x00000000c0000000,0x00000000c11e3370,0x00000000c2b80000)
 Metaspace       used 31685K, capacity 32526K, committed 32640K, reserved 1077248K
  class space    used 4149K, capacity 4468K, committed 4480K, reserved 1048576K
}
Event: 16.089 GC heap before
{Heap before GC invocations=10 (full 1):
 PSYoungGen      total 141312K, used 84095K [0x00000000eab00000, 0x00000000f7a00000, 0x0000000100000000)
  eden space 132096K, 56% used [0x00000000eab00000,0x00000000ef423d68,0x00000000f2c00000)
  from space 9216K, 99% used [0x00000000f3900000,0x00000000f41fc010,0x00000000f4200000)
  to   space 13312K, 0% used [0x00000000f2c00000,0x00000000f2c00000,0x00000000f3900000)
 ParOldGen       total 44544K, used 18316K [0x00000000c0000000, 0x00000000c2b80000, 0x00000000eab00000)
  object space 44544K, 41% used [0x00000000c0000000,0x00000000c11e3370,0x00000000c2b80000)
 Metaspace       used 34241K, capacity 35426K, committed 35496K, reserved 1079296K
  class space    used 4593K, capacity 5105K, committed 5120K, reserved 1048576K
Event: 16.167 GC heap after
Heap after GC invocations=10 (full 1):
 PSYoungGen      total 145408K, used 13312K [0x00000000eab00000, 0x00000000f7a00000, 0x0000000100000000)
  eden space 132096K, 0% used [0x00000000eab00000,0x00000000eab00000,0x00000000f2c00000)
  from space 13312K, 100% used [0x00000000f2c00000,0x00000000f3900000,0x00000000f3900000)
  to   space 17920K, 0% used [0x00000000f6880000,0x00000000f6880000,0x00000000f7a00000)
 ParOldGen       total 44544K, used 23379K [0x00000000c0000000, 0x00000000c2b80000, 0x00000000eab00000)
  object space 44544K, 52% used [0x00000000c0000000,0x00000000c16d4cd8,0x00000000c2b80000)
 Metaspace       used 34241K, capacity 35426K, committed 35496K, reserved 1079296K
  class space    used 4593K, capacity 5105K, committed 5120K, reserved 1048576K
}
Event: 16.167 GC heap before
{Heap before GC invocations=11 (full 2):
 PSYoungGen      total 145408K, used 13312K [0x00000000eab00000, 0x00000000f7a00000, 0x0000000100000000)
  eden space 132096K, 0% used [0x00000000eab00000,0x00000000eab00000,0x00000000f2c00000)
  from space 13312K, 100% used [0x00000000f2c00000,0x00000000f3900000,0x00000000f3900000)
  to   space 17920K, 0% used [0x00000000f6880000,0x00000000f6880000,0x00000000f7a00000)
 ParOldGen       total 44544K, used 23379K [0x00000000c0000000, 0x00000000c2b80000, 0x00000000eab00000)
  object space 44544K, 52% used [0x00000000c0000000,0x00000000c16d4cd8,0x00000000c2b80000)
 Metaspace       used 34241K, capacity 35426K, committed 35496K, reserved 1079296K
  class space    used 4593K, capacity 5105K, committed 5120K, reserved 1048576K
Event: 16.676 GC heap after
Heap after GC invocations=11 (full 2):
 PSYoungGen      total 145408K, used 0K [0x00000000eab00000, 0x00000000f7a00000, 0x0000000100000000)
  eden space 132096K, 0% used [0x00000000eab00000,0x00000000eab00000,0x00000000f2c00000)
  from space 13312K, 0% used [0x00000000f2c00000,0x00000000f2c00000,0x00000000f3900000)
  to   space 17920K, 0% used [0x00000000f6880000,0x00000000f6880000,0x00000000f7a00000)
 ParOldGen       total 82944K, used 31195K [0x00000000c0000000, 0x00000000c5100000, 0x00000000eab00000)
  object space 82944K, 37% used [0x00000000c0000000,0x00000000c1e76d40,0x00000000c5100000)
 Metaspace       used 34241K, capacity 35426K, committed 35496K, reserved 1079296K
  class space    used 4593K, capacity 5105K, committed 5120K, reserved 1048576K
}
Event: 20.532 GC heap before
{Heap before GC invocations=12 (full 2):
 PSYoungGen      total 145408K, used 132096K [0x00000000eab00000, 0x00000000f7a00000, 0x0000000100000000)
  eden space 132096K, 100% used [0x00000000eab00000,0x00000000f2c00000,0x00000000f2c00000)
  from space 13312K, 0% used [0x00000000f2c00000,0x00000000f2c00000,0x00000000f3900000)
  to   space 17920K, 0% used [0x00000000f6880000,0x00000000f6880000,0x00000000f7a00000)
 ParOldGen       total 82944K, used 31195K [0x00000000c0000000, 0x00000000c5100000, 0x00000000eab00000)
  object space 82944K, 37% used [0x00000000c0000000,0x00000000c1e76d40,0x00000000c5100000)
 Metaspace       used 39540K, capacity 41103K, committed 41344K, reserved 1085440K
  class space    used 5415K, capacity 5976K, committed 6016K, reserved 1048576K
Event: 20.596 GC heap after
Heap after GC invocations=12 (full 2):
 PSYoungGen      total 178176K, used 14602K [0x00000000eab00000, 0x00000000f7700000, 0x0000000100000000)
  eden space 163328K, 0% used [0x00000000eab00000,0x00000000eab00000,0x00000000f4a80000)
  from space 14848K, 98% used [0x00000000f6880000,0x00000000f76c2b30,0x00000000f7700000)
  to   space 19456K, 0% used [0x00000000f5100000,0x00000000f5100000,0x00000000f6400000)
 ParOldGen       total 82944K, used 31203K [0x00000000c0000000, 0x00000000c5100000, 0x00000000eab00000)
  object space 82944K, 37% used [0x00000000c0000000,0x00000000c1e78d40,0x00000000c5100000)
 Metaspace       used 39540K, capacity 41103K, committed 41344K, reserved 1085440K
  class space    used 5415K, capacity 5976K, committed 6016K, reserved 1048576K
}

